<?xml version="1.0" encoding="UTF-8"?>
<!-- Generated by org.testng.reporters.JUnitXMLReporter -->
<testsuite ignored="0" hostname="DESKTOP-GJ2PH1P" failures="1" tests="1" name="EdgeTest" time="14.44" errors="0" timestamp="2022-04-05T19:26:44 CDT">
  <testcase classname="tests.testsOfRegisterPage" name="TC_1_registerPage" time="5.015">
    <failure type="java.lang.NullPointerException" message="Cannot invoke &amp;quot;org.openqa.selenium.WebDriver.findElement(org.openqa.selenium.By)&amp;quot; because &amp;quot;AutomationScripts.RegisterPage.driver&amp;quot; is null">
      <![CDATA[java.lang.NullPointerException: Cannot invoke "org.openqa.selenium.WebDriver.findElement(org.openqa.selenium.By)" because "AutomationScripts.RegisterPage.driver" is null
at AutomationScripts.RegisterPage.TC_1_clickSignIn(RegisterPage.java:17)
at tests.testsOfRegisterPage.TC_1_registerPage(testsOfRegisterPage.java:49)
at java.base/java.util.ArrayList.forEach(ArrayList.java:1511)
at java.base/java.util.concurrent.FutureTask.run(FutureTask.java:264)
at java.base/java.util.concurrent.ThreadPoolExecutor.runWorker(ThreadPoolExecutor.java:1130)
at java.base/java.util.concurrent.ThreadPoolExecutor$Worker.run(ThreadPoolExecutor.java:630)
at java.base/java.lang.Thread.run(Thread.java:831)
... Removed 18 stack frames]]>
    </failure>
  </testcase> <!-- TC_1_registerPage -->
</testsuite> <!-- EdgeTest -->
